生成启动时间为 2015/12/15 5:28:11。
     1>项目“D:\C++\FDD1.0\FDD1.0\FDD1.0.vcxproj”在节点 2 上(Build 个目标)。
     1>ClCompile:
         C:\Program Files (x86)\Microsoft Visual Studio 11.0\VC\bin\CL.exe /c /ZI /nologo /W3 /WX- /Od /Oy- /D _MBCS /Gm /EHsc /RTC1 /MDd /GS /fp:precise /Zc:wchar_t /Zc:forScope /Fo"Debug\\" /Fd"Debug\vc110.pdb" /Gd /TP /analyze- /errorReport:prompt Addup.cpp average.cpp faultdesign.cpp forecast.cpp HVAC.cpp main.cpp Readdata.cpp ReaddataFileChange.cpp ReadNowdata.cpp Readparameter.cpp ReadparameterFileChange.cpp variance.cpp WriteFile.cpp XD.cpp
         XD.cpp
         WriteFile.cpp
         variance.cpp
         ReadparameterFileChange.cpp
         Readparameter.cpp
         ReadNowdata.cpp
         ReaddataFileChange.cpp
         Readdata.cpp
         main.cpp
         HVAC.cpp
     1>d:\c++\fdd1.0\fdd1.0\hvac.cpp(470): warning C4996: 'localtime': This function or variable may be unsafe. Consider using localtime_s instead. To disable deprecation, use _CRT_SECURE_NO_WARNINGS. See online help for details.
                 c:\program files (x86)\microsoft visual studio 11.0\vc\include\time.inl(112) : 参见“localtime”的声明
     1>d:\c++\fdd1.0\fdd1.0\hvac.cpp(477): warning C4996: 'localtime': This function or variable may be unsafe. Consider using localtime_s instead. To disable deprecation, use _CRT_SECURE_NO_WARNINGS. See online help for details.
                 c:\program files (x86)\microsoft visual studio 11.0\vc\include\time.inl(112) : 参见“localtime”的声明
         forecast.cpp
         faultdesign.cpp
         average.cpp
         Addup.cpp
         正在生成代码...
       Link:
         C:\Program Files (x86)\Microsoft Visual Studio 11.0\VC\bin\link.exe /ERRORREPORT:PROMPT /OUT:"D:\C++\FDD1.0\Debug\FDD1.0.exe" /INCREMENTAL /NOLOGO kernel32.lib user32.lib gdi32.lib winspool.lib comdlg32.lib advapi32.lib shell32.lib ole32.lib oleaut32.lib uuid.lib odbc32.lib odbccp32.lib /MANIFEST /MANIFESTUAC:"level='asInvoker' uiAccess='false'" /manifest:embed /DEBUG /PDB:"D:\C++\FDD1.0\Debug\FDD1.0.pdb" /TLBID:1 /DYNAMICBASE /NXCOMPAT /IMPLIB:"D:\C++\FDD1.0\Debug\FDD1.0.lib" /MACHINE:X86 Debug\Addup.obj
         Debug\average.obj
         Debug\faultdesign.obj
         Debug\forecast.obj
         Debug\HVAC.obj
         Debug\main.obj
         Debug\Readdata.obj
         Debug\ReaddataFileChange.obj
         Debug\ReadNowdata.obj
         Debug\Readparameter.obj
         Debug\ReadparameterFileChange.obj
         Debug\variance.obj
         Debug\WriteFile.obj
         Debug\XD.obj
         LINK : 没有找到 D:\C++\FDD1.0\Debug\FDD1.0.exe 或上一个增量链接没有生成它；正在执行完全链接
         FDD1.0.vcxproj -> D:\C++\FDD1.0\Debug\FDD1.0.exe
     1>已完成生成项目“D:\C++\FDD1.0\FDD1.0\FDD1.0.vcxproj”(Build 个目标)的操作。

生成成功。

已用时间 00:00:04.89
