f:\研一\测试\fdd_dllt2\fdd_dllt2\debug\vc140.pdb
f:\研一\测试\fdd_dllt2\fdd_dllt2\debug\vc140.idb
f:\研一\测试\fdd_dllt2\fdd_dllt2\debug\addup.obj
f:\研一\测试\fdd_dllt2\fdd_dllt2\debug\average.obj
f:\研一\测试\fdd_dllt2\fdd_dllt2\debug\faultdesign.obj
f:\研一\测试\fdd_dllt2\fdd_dllt2\debug\forecast.obj
f:\研一\测试\fdd_dllt2\fdd_dllt2\debug\interface.obj
f:\研一\测试\fdd_dllt2\fdd_dllt2\debug\main.obj
f:\研一\测试\fdd_dllt2\fdd_dllt2\debug\readdata.obj
f:\研一\测试\fdd_dllt2\fdd_dllt2\debug\readdatafilechange.obj
f:\研一\测试\fdd_dllt2\fdd_dllt2\debug\readnowdata.obj
f:\研一\测试\fdd_dllt2\fdd_dllt2\debug\readparameter.obj
f:\研一\测试\fdd_dllt2\fdd_dllt2\debug\readparameterfilechange.obj
f:\研一\测试\fdd_dllt2\fdd_dllt2\debug\variance.obj
f:\研一\测试\fdd_dllt2\fdd_dllt2\debug\writefile.obj
f:\研一\测试\fdd_dllt2\fdd_dllt2\debug\xd.obj
f:\研一\测试\fdd_dllt2\fdd_dllt2\debug\hvac.obj
f:\研一\测试\fdd_dllt2\debug\fdd_dllt2.lib
f:\研一\测试\fdd_dllt2\debug\fdd_dllt2.exp
f:\研一\测试\fdd_dllt2\debug\fdd_dllt2.ilk
f:\研一\测试\fdd_dllt2\debug\fdd_dllt2.dll
f:\研一\测试\fdd_dllt2\debug\fdd_dllt2.pdb
f:\研一\测试\fdd_dllt2\fdd_dllt2\debug\fdd_dllt2.tlog\cl.command.1.tlog
f:\研一\测试\fdd_dllt2\fdd_dllt2\debug\fdd_dllt2.tlog\cl.read.1.tlog
f:\研一\测试\fdd_dllt2\fdd_dllt2\debug\fdd_dllt2.tlog\cl.write.1.tlog
f:\研一\测试\fdd_dllt2\fdd_dllt2\debug\fdd_dllt2.tlog\fdd_dllt2.write.1u.tlog
f:\研一\测试\fdd_dllt2\fdd_dllt2\debug\fdd_dllt2.tlog\link.command.1.tlog
f:\研一\测试\fdd_dllt2\fdd_dllt2\debug\fdd_dllt2.tlog\link.read.1.tlog
f:\研一\测试\fdd_dllt2\fdd_dllt2\debug\fdd_dllt2.tlog\link.write.1.tlog
